{
  "stats": {
    "suites": 1,
    "tests": 1,
    "passes": 1,
    "pending": 0,
    "failures": 0,
    "start": "2020-09-19T08:36:02.226Z",
    "end": "2020-09-19T08:36:05.147Z",
    "duration": 2921,
    "testsRegistered": 1,
    "passPercent": 100,
    "pendingPercent": 0,
    "other": 0,
    "hasOther": false,
    "skipped": 0,
    "hasSkipped": false
  },
  "results": [
    {
      "uuid": "03e206f9-07ef-48d4-96fc-04b3a3a39b03",
      "title": "",
      "fullFile": "e2e\\specs\\test.js",
      "file": "e2e\\specs\\test.js",
      "beforeHooks": [],
      "afterHooks": [],
      "tests": [],
      "suites": [
        {
          "uuid": "3a97c832-d544-4ba5-a45f-6b74f30c3759",
          "title": "My First Test",
          "fullFile": "",
          "file": "",
          "beforeHooks": [],
          "afterHooks": [],
          "tests": [
            {
              "title": "Visits the app root url",
              "fullTitle": "My First Test Visits the app root url",
              "timedOut": null,
              "duration": 610,
              "state": "passed",
              "speed": "slow",
              "pass": true,
              "fail": false,
              "pending": false,
              "context": null,
              "code": "cy.visit('/');",
              "err": {},
              "uuid": "dcc0f35a-6715-4ea4-8239-948d7a3dc37f",
              "parentUUID": "3a97c832-d544-4ba5-a45f-6b74f30c3759",
              "isHook": false,
              "skipped": false
            }
          ],
          "suites": [],
          "passes": [
            "dcc0f35a-6715-4ea4-8239-948d7a3dc37f"
          ],
          "failures": [],
          "pending": [],
          "skipped": [],
          "duration": 610,
          "root": false,
          "rootEmpty": false,
          "_timeout": 2000
        }
      ],
      "passes": [],
      "failures": [],
      "pending": [],
      "skipped": [],
      "duration": 0,
      "root": true,
      "rootEmpty": true,
      "_timeout": 2000
    }
  ],
  "meta": {
    "mocha": {
      "version": "7.0.1"
    },
    "mochawesome": {
      "options": {
        "quiet": false,
        "reportFilename": "mochawesome",
        "saveHtml": false,
        "saveJson": true,
        "consoleReporter": "spec",
        "useInlineDiffs": false,
        "code": true
      },
      "version": "6.1.1"
    },
    "marge": {
      "options": {
        "overwrite": true,
        "inline": true,
        "html": false,
        "json": true
      },
      "version": "5.1.0"
    }
  }
}